time="2023-06-18T20:49:28+03:00" level=info msg="create route" func="main.main()" file="app.go:15"
time="2023-06-18T20:49:28+03:00" level=info msg="register user handler" func="main.main()" file="app.go:20"
time="2023-06-18T20:49:28+03:00" level=info msg="start application" func="main.start()" file="app.go:30"
time="2023-06-18T20:49:28+03:00" level=info msg="server is listening to port 1234" func="main.start()" file="app.go:46"
time="2023-06-18T20:49:47+03:00" level=info msg="create route" func="main.main()" file="app.go:15"
time="2023-06-18T20:49:47+03:00" level=info msg="register user handler" func="main.main()" file="app.go:20"
time="2023-06-18T20:49:47+03:00" level=info msg="start application" func="main.start()" file="app.go:30"
time="2023-06-18T20:49:47+03:00" level=info msg="server is listening to port 1234" func="main.start()" file="app.go:46"
time="2023-06-18T20:52:14+03:00" level=info msg="create route" func="main.main()" file="app.go:15"
time="2023-06-18T20:52:14+03:00" level=info msg="register user handler" func="main.main()" file="app.go:20"
time="2023-06-18T20:52:14+03:00" level=info msg="start application" func="main.start()" file="app.go:30"
time="2023-06-18T20:52:14+03:00" level=info msg="server is listening to port 1234" func="main.start()" file="app.go:46"
time="2023-06-18T21:39:12+03:00" level=info msg="create route" func="main.main()" file="app.go:15"
time="2023-06-18T21:39:12+03:00" level=info msg="register user handler" func="main.main()" file="app.go:20"
time="2023-06-18T21:39:12+03:00" level=info msg="start application" func="main.start()" file="app.go:30"
time="2023-06-18T21:39:12+03:00" level=info msg="server is listening to port 1234" func="main.start()" file="app.go:46"
time="2023-06-18T21:58:11+03:00" level=info msg="create route" func="main.main()" file="app.go:19"
time="2023-06-18T21:58:11+03:00" level=info msg="read application configuration" func="rest-api-tutorial/internal/config.GetConfig.func1()" file="config.go:27"
time="2023-06-18T21:58:11+03:00" level=info msg="register user handler" func="main.main()" file="app.go:25"
time="2023-06-18T21:58:11+03:00" level=info msg="start application" func="main.start()" file="app.go:34"
time="2023-06-18T21:58:11+03:00" level=info msg="listen to tcp" func="main.start()" file="app.go:53"
time="2023-06-18T21:58:11+03:00" level=info msg="server is listening to port 0.0.0.0:10000" func="main.start()" file="app.go:70"
time="2023-06-18T22:00:25+03:00" level=info msg="create route" func="main.main()" file="app.go:19"
time="2023-06-18T22:00:25+03:00" level=info msg="read application configuration" func="rest-api-tutorial/internal/config.GetConfig.func1()" file="config.go:27"
time="2023-06-18T22:00:25+03:00" level=info msg="register user handler" func="main.main()" file="app.go:25"
time="2023-06-18T22:00:25+03:00" level=info msg="start application" func="main.start()" file="app.go:34"
time="2023-06-18T22:00:25+03:00" level=info msg="listen to tcp" func="main.start()" file="app.go:53"
time="2023-06-18T22:00:25+03:00" level=info msg="server is listening to port 0.0.0.0:10000" func="main.start()" file="app.go:70"
time="2023-06-18T22:01:11+03:00" level=info msg="create route" func="main.main()" file="app.go:19"
time="2023-06-18T22:01:11+03:00" level=info msg="read application configuration" func="rest-api-tutorial/internal/config.GetConfig.func1()" file="config.go:27"
time="2023-06-18T22:01:11+03:00" level=info msg="register user handler" func="main.main()" file="app.go:25"
time="2023-06-18T22:01:11+03:00" level=info msg="start application" func="main.start()" file="app.go:34"
time="2023-06-18T22:01:11+03:00" level=info msg="listen to tcp" func="main.start()" file="app.go:53"
time="2023-06-18T22:01:11+03:00" level=info msg="server is listening to port 0.0.0.0:10000" func="main.start()" file="app.go:70"
time="2023-06-18T22:04:05+03:00" level=info msg="create route" func="main.main()" file="app.go:19"
time="2023-06-18T22:04:05+03:00" level=info msg="read application configuration" func="rest-api-tutorial/internal/config.GetConfig.func1()" file="config.go:27"
time="2023-06-18T22:04:05+03:00" level=info msg="register user handler" func="main.main()" file="app.go:25"
time="2023-06-18T22:04:05+03:00" level=info msg="start application" func="main.start()" file="app.go:34"
time="2023-06-18T22:04:05+03:00" level=info msg="detect app path" func="main.start()" file="app.go:40"
time="2023-06-18T22:04:05+03:00" level=info msg="create socket" func="main.start()" file="app.go:45"
time="2023-06-18T22:04:05+03:00" level=info msg="listen to unix socket" func="main.start()" file="app.go:50"
time="2023-06-18T22:04:05+03:00" level=info msg="server is listening to unix socket D:\\Development\\GO\\projects\\rest-api-tutorial\\build/app.sock" func="main.start()" file="app.go:52"
time="2023-06-18T22:06:29+03:00" level=info msg="create route" func="main.main()" file="app.go:19"
time="2023-06-18T22:06:29+03:00" level=info msg="read application configuration" func="rest-api-tutorial/internal/config.GetConfig.func1()" file="config.go:27"
time="2023-06-18T22:06:29+03:00" level=info msg="register user handler" func="main.main()" file="app.go:25"
time="2023-06-18T22:06:29+03:00" level=info msg="start application" func="main.start()" file="app.go:34"
time="2023-06-18T22:06:29+03:00" level=info msg="listen to tcp" func="main.start()" file="app.go:54"
time="2023-06-18T22:06:29+03:00" level=info msg="server is listening to port 0.0.0.0:10000" func="main.start()" file="app.go:57"
